<?xml version="1.0" encoding="UTF-8"?>
<!-- Generated by org.testng.reporters.JUnitReportReporter -->
<testsuite hostname="Acer" failures="0" tests="1" name="Aradhana.Automation" time="9.473" errors="0" timestamp="2024-01-28T08:28:27 NPT" skipped="0">
  <testcase classname="Aradhana.Automation" name="youtube" time="9.473"/>
  <system-out/>
</testsuite> <!-- Aradhana.Automation -->
