<?xml version="1.0" encoding="UTF-8"?>
<!-- Generated by org.testng.reporters.JUnitReportReporter -->
<testsuite hostname="Acer" failures="0" tests="1" name="Aradhana.Loginpage" time="12.054" errors="0" timestamp="2024-02-02T07:16:25 NPT" skipped="0">
  <testcase classname="Aradhana.Loginpage" name="loginSystem" time="12.054"/>
  <system-out/>
</testsuite> <!-- Aradhana.Loginpage -->
