<?xml version="1.0" encoding="UTF-8"?>
<!-- Generated by org.testng.reporters.JUnitReportReporter -->
<testsuite hostname="Acer" failures="0" tests="1" name="Aradhana.Submitform" time="3.359" errors="0" timestamp="2024-02-10T14:34:31 NPT" skipped="0">
  <testcase classname="Aradhana.Submitform" name="signup" time="3.359"/>
  <system-out/>
</testsuite> <!-- Aradhana.Submitform -->
