<?xml version="1.0" encoding="UTF-8"?>
<!-- Generated by org.testng.reporters.JUnitReportReporter -->
<testsuite hostname="Acer" failures="0" tests="1" name="Aradhana.Alert" time="11.042" errors="0" timestamp="2024-01-29T08:05:02 NPT" skipped="0">
  <testcase classname="Aradhana.Alert" name="JS_Alert" time="11.042"/>
  <system-out/>
</testsuite> <!-- Aradhana.Alert -->
