<?xml version="1.0" encoding="UTF-8"?>
<!-- Generated by org.testng.reporters.JUnitReportReporter -->
<testsuite hostname="Acer" failures="0" tests="3" name="January26.Today" time="0.013" errors="0" timestamp="2024-02-17T17:12:02 NPT" skipped="0">
  <testcase classname="January26.Today" name="delete" time="0.010"/>
  <system-out/>
  <testcase classname="January26.Today" name="logout" time="0.001"/>
  <system-out/>
  <testcase classname="January26.Today" name="login" time="0.002"/>
  <system-out/>
</testsuite> <!-- January26.Today -->
