<?xml version="1.0" encoding="UTF-8"?>
<!-- Generated by org.testng.reporters.JUnitReportReporter -->
<testsuite hostname="Acer" failures="0" tests="1" name="Me.Second" time="0.017" errors="0" timestamp="2024-01-28T07:57:24 NPT" skipped="0">
  <testcase classname="Me.Second" name="login" time="0.017"/>
  <system-out/>
</testsuite> <!-- Me.Second -->
